<?xml version="1.0" encoding="UTF-8"?>
<!-- Generated by org.testng.reporters.JUnitReportReporter -->
<testsuite skipped="0" hostname="minds" name="TestNG_Sessions.Dependency_In_TestNG" tests="2" failures="0" timestamp="31 Dec 2018 11:06:24 GMT" time="0.020" errors="0">
  <testcase name="test1" time="0.016" classname="TestNG_Sessions.Dependency_In_TestNG"/>
  <testcase name="test2" time="0.004" classname="TestNG_Sessions.Dependency_In_TestNG"/>
</testsuite> <!-- TestNG_Sessions.Dependency_In_TestNG -->
