<?xml version="1.0" encoding="UTF-8"?>
<!-- Generated by org.testng.reporters.JUnitReportReporter -->
<testsuite skipped="0" hostname="minds" name="com.lati.testcases.AddOrganisationTest" tests="1" failures="0" timestamp="19 Feb 2019 10:36:04 GMT" time="185.193" errors="0">
  <testcase name="clickOnAddOrganisation" time="185.193" classname="com.lati.testcases.AddOrganisationTest"/>
</testsuite> <!-- com.lati.testcases.AddOrganisationTest -->
