<?xml version="1.0" encoding="UTF-8"?>
<!-- Generated by org.testng.reporters.JUnitReportReporter -->
<testsuite skipped="0" hostname="minds" name="com.lati.testcases.AddResourceTest" tests="1" failures="0" timestamp="19 Feb 2019 10:36:04 GMT" time="140.942" errors="0">
  <testcase name="clickOnAddResource" time="140.942" classname="com.lati.testcases.AddResourceTest"/>
</testsuite> <!-- com.lati.testcases.AddResourceTest -->
