<?xml version="1.0" encoding="UTF-8"?>
<!-- Generated by org.testng.reporters.JUnitReportReporter -->
<testsuite skipped="0" hostname="minds" name="com.lati.testcases.HomepageTest" tests="1" failures="0" timestamp="19 Feb 2019 10:36:04 GMT" time="32.289" errors="0">
  <testcase name="clickOnAdministratorLink" time="32.289" classname="com.lati.testcases.HomepageTest"/>
</testsuite> <!-- com.lati.testcases.HomepageTest -->
