<?xml version="1.0" encoding="UTF-8"?>
<!-- Generated by org.testng.reporters.JUnitReportReporter -->
<testsuite skipped="0" hostname="minds" name="com.lati.testcases.AdminstratorTest" tests="1" failures="0" timestamp="19 Feb 2019 10:36:04 GMT" time="257.564" errors="0">
  <testcase name="clickOnAddCourse" time="257.564" classname="com.lati.testcases.AdminstratorTest"/>
</testsuite> <!-- com.lati.testcases.AdminstratorTest -->
