<?xml version="1.0" encoding="UTF-8"?>
<!-- Generated by org.testng.reporters.JUnitReportReporter -->
<testsuite skipped="0" hostname="minds" name="com.lati.testcases.AddCategoryTest" tests="1" failures="0" timestamp="19 Feb 2019 10:36:04 GMT" time="76.885" errors="0">
  <testcase name="clickOnCategory" time="76.885" classname="com.lati.testcases.AddCategoryTest"/>
</testsuite> <!-- com.lati.testcases.AddCategoryTest -->
